<component name="libraryTable">
  <library name="junit-4.10">
    <CLASSES>
      <root url="jar://$PROJECT_DIR$/svm.logic.implementation/lib/junit-4.10.jar!/" />
      <root url="jar://$PROJECT_DIR$/svm.logic.implementation/lib/junit.jar!/" />
      <root url="jar://$PROJECT_DIR$/svm.logic.implementation/lib/testng-jdk15.jar!/" />
    </CLASSES>
    <JAVADOC />
    <SOURCES />
  </library>
</component>